{"/Users/dustinmorris/senior/trip/dustin/tripadvisor_experiences_dustin/client/index.jsx": {"path":"/Users/dustinmorris/senior/trip/dustin/tripadvisor_experiences_dustin/client/index.jsx","statementMap":{"0":{"start":{"line":15,"column":0},"end":{"line":15,"column":65}}},"fnMap":{},"branchMap":{},"s":{"0":0},"f":{},"b":{}}
,"/Users/dustinmorris/senior/trip/dustin/tripadvisor_experiences_dustin/client/components/app.jsx": {"path":"/Users/dustinmorris/senior/trip/dustin/tripadvisor_experiences_dustin/client/components/app.jsx","statementMap":{"0":{"start":{"line":10,"column":4},"end":{"line":10,"column":17}},"1":{"start":{"line":11,"column":4},"end":{"line":16,"column":6}},"2":{"start":{"line":17,"column":4},"end":{"line":17,"column":57}},"3":{"start":{"line":18,"column":4},"end":{"line":18,"column":57}},"4":{"start":{"line":19,"column":4},"end":{"line":19,"column":53}},"5":{"start":{"line":23,"column":16},"end":{"line":23,"column":45}},"6":{"start":{"line":24,"column":15},"end":{"line":24,"column":27}},"7":{"start":{"line":26,"column":4},"end":{"line":32,"column":44}},"8":{"start":{"line":28,"column":8},"end":{"line":30,"column":11}},"9":{"start":{"line":32,"column":24},"end":{"line":32,"column":42}},"10":{"start":{"line":36,"column":21},"end":{"line":36,"column":34}},"11":{"start":{"line":37,"column":4},"end":{"line":40,"column":7}},"12":{"start":{"line":44,"column":28},"end":{"line":44,"column":76}},"13":{"start":{"line":45,"column":27},"end":{"line":45,"column":69}},"14":{"start":{"line":46,"column":4},"end":{"line":46,"column":52}},"15":{"start":{"line":47,"column":4},"end":{"line":47,"column":50}},"16":{"start":{"line":48,"column":4},"end":{"line":48,"column":45}},"17":{"start":{"line":49,"column":4},"end":{"line":49,"column":22}},"18":{"start":{"line":53,"column":4},"end":{"line":55,"column":7}},"19":{"start":{"line":61,"column":8},"end":{"line":61,"column":18}},"20":{"start":{"line":62,"column":4},"end":{"line":64,"column":5}},"21":{"start":{"line":63,"column":6},"end":{"line":63,"column":23}},"22":{"start":{"line":65,"column":4},"end":{"line":84,"column":6}}},"fnMap":{"0":{"name":"(anonymous_0)","decl":{"start":{"line":9,"column":2},"end":{"line":9,"column":3}},"loc":{"start":{"line":9,"column":21},"end":{"line":20,"column":3}},"line":9},"1":{"name":"(anonymous_1)","decl":{"start":{"line":22,"column":2},"end":{"line":22,"column":3}},"loc":{"start":{"line":22,"column":22},"end":{"line":33,"column":3}},"line":22},"2":{"name":"(anonymous_2)","decl":{"start":{"line":27,"column":12},"end":{"line":27,"column":13}},"loc":{"start":{"line":27,"column":21},"end":{"line":31,"column":7}},"line":27},"3":{"name":"(anonymous_3)","decl":{"start":{"line":32,"column":13},"end":{"line":32,"column":14}},"loc":{"start":{"line":32,"column":24},"end":{"line":32,"column":42}},"line":32},"4":{"name":"(anonymous_4)","decl":{"start":{"line":35,"column":2},"end":{"line":35,"column":3}},"loc":{"start":{"line":35,"column":32},"end":{"line":41,"column":3}},"line":35},"5":{"name":"(anonymous_5)","decl":{"start":{"line":43,"column":2},"end":{"line":43,"column":3}},"loc":{"start":{"line":43,"column":17},"end":{"line":50,"column":3}},"line":43},"6":{"name":"(anonymous_6)","decl":{"start":{"line":52,"column":2},"end":{"line":52,"column":3}},"loc":{"start":{"line":52,"column":19},"end":{"line":56,"column":3}},"line":52},"7":{"name":"(anonymous_7)","decl":{"start":{"line":58,"column":2},"end":{"line":58,"column":3}},"loc":{"start":{"line":58,"column":11},"end":{"line":85,"column":3}},"line":58}},"branchMap":{"0":{"loc":{"start":{"line":62,"column":4},"end":{"line":64,"column":5}},"type":"if","locations":[{"start":{"line":62,"column":4},"end":{"line":64,"column":5}},{"start":{"line":62,"column":4},"end":{"line":64,"column":5}}],"line":62},"1":{"loc":{"start":{"line":74,"column":9},"end":{"line":82,"column":19}},"type":"cond-expr","locations":[{"start":{"line":76,"column":12},"end":{"line":80,"column":14}},{"start":{"line":82,"column":12},"end":{"line":82,"column":19}}],"line":74}},"s":{"0":0,"1":0,"2":0,"3":0,"4":0,"5":0,"6":0,"7":0,"8":0,"9":0,"10":0,"11":0,"12":0,"13":0,"14":0,"15":0,"16":0,"17":0,"18":0,"19":0,"20":0,"21":0,"22":0},"f":{"0":0,"1":0,"2":0,"3":0,"4":0,"5":0,"6":0,"7":0},"b":{"0":[0,0],"1":[0,0]},"_coverageSchema":"1a1c01bbd47fc00a2c39e90264f33305004495a9","hash":"58bc42cfbd16a65c1619b60bc2e7658b96b0b22a"}
,"/Users/dustinmorris/senior/trip/dustin/tripadvisor_experiences_dustin/client/components/circles.jsx": {"path":"/Users/dustinmorris/senior/trip/dustin/tripadvisor_experiences_dustin/client/components/circles.jsx","statementMap":{"0":{"start":{"line":3,"column":16},"end":{"line":29,"column":1}},"1":{"start":{"line":4,"column":2},"end":{"line":8,"column":3}},"2":{"start":{"line":5,"column":4},"end":{"line":7,"column":6}},"3":{"start":{"line":9,"column":2},"end":{"line":13,"column":3}},"4":{"start":{"line":10,"column":4},"end":{"line":12,"column":6}},"5":{"start":{"line":14,"column":2},"end":{"line":18,"column":3}},"6":{"start":{"line":15,"column":4},"end":{"line":17,"column":6}},"7":{"start":{"line":19,"column":2},"end":{"line":23,"column":3}},"8":{"start":{"line":20,"column":4},"end":{"line":22,"column":6}},"9":{"start":{"line":24,"column":2},"end":{"line":28,"column":3}},"10":{"start":{"line":25,"column":4},"end":{"line":27,"column":6}}},"fnMap":{"0":{"name":"(anonymous_0)","decl":{"start":{"line":3,"column":16},"end":{"line":3,"column":17}},"loc":{"start":{"line":3,"column":32},"end":{"line":29,"column":1}},"line":3}},"branchMap":{"0":{"loc":{"start":{"line":4,"column":2},"end":{"line":8,"column":3}},"type":"if","locations":[{"start":{"line":4,"column":2},"end":{"line":8,"column":3}},{"start":{"line":4,"column":2},"end":{"line":8,"column":3}}],"line":4},"1":{"loc":{"start":{"line":9,"column":2},"end":{"line":13,"column":3}},"type":"if","locations":[{"start":{"line":9,"column":2},"end":{"line":13,"column":3}},{"start":{"line":9,"column":2},"end":{"line":13,"column":3}}],"line":9},"2":{"loc":{"start":{"line":14,"column":2},"end":{"line":18,"column":3}},"type":"if","locations":[{"start":{"line":14,"column":2},"end":{"line":18,"column":3}},{"start":{"line":14,"column":2},"end":{"line":18,"column":3}}],"line":14},"3":{"loc":{"start":{"line":19,"column":2},"end":{"line":23,"column":3}},"type":"if","locations":[{"start":{"line":19,"column":2},"end":{"line":23,"column":3}},{"start":{"line":19,"column":2},"end":{"line":23,"column":3}}],"line":19},"4":{"loc":{"start":{"line":24,"column":2},"end":{"line":28,"column":3}},"type":"if","locations":[{"start":{"line":24,"column":2},"end":{"line":28,"column":3}},{"start":{"line":24,"column":2},"end":{"line":28,"column":3}}],"line":24}},"s":{"0":1,"1":3,"2":3,"3":0,"4":0,"5":0,"6":0,"7":0,"8":0,"9":0,"10":0},"f":{"0":3},"b":{"0":[3,0],"1":[0,0],"2":[0,0],"3":[0,0],"4":[0,0]},"_coverageSchema":"1a1c01bbd47fc00a2c39e90264f33305004495a9","hash":"ad1172e136c2ac3a995b64089204f62d7cac5580"}
,"/Users/dustinmorris/senior/trip/dustin/tripadvisor_experiences_dustin/client/components/experience_module.jsx": {"path":"/Users/dustinmorris/senior/trip/dustin/tripadvisor_experiences_dustin/client/components/experience_module.jsx","statementMap":{"0":{"start":{"line":6,"column":19},"end":{"line":61,"column":1}},"1":{"start":{"line":9,"column":2},"end":{"line":60,"column":8}},"2":{"start":{"line":49,"column":23},"end":{"line":49,"column":52}},"3":{"start":{"line":50,"column":25},"end":{"line":50,"column":54}},"4":{"start":{"line":63,"column":0},"end":{"line":75,"column":2}}},"fnMap":{"0":{"name":"(anonymous_0)","decl":{"start":{"line":6,"column":19},"end":{"line":6,"column":20}},"loc":{"start":{"line":9,"column":2},"end":{"line":60,"column":8}},"line":9},"1":{"name":"(anonymous_1)","decl":{"start":{"line":49,"column":17},"end":{"line":49,"column":18}},"loc":{"start":{"line":49,"column":23},"end":{"line":49,"column":52}},"line":49},"2":{"name":"(anonymous_2)","decl":{"start":{"line":50,"column":19},"end":{"line":50,"column":20}},"loc":{"start":{"line":50,"column":25},"end":{"line":50,"column":54}},"line":50}},"branchMap":{},"s":{"0":1,"1":3,"2":0,"3":0,"4":1},"f":{"0":3,"1":0,"2":0},"b":{},"_coverageSchema":"1a1c01bbd47fc00a2c39e90264f33305004495a9","hash":"e8d7cb3e697d2c6098bf4701831344c923c916fc"}
,"/Users/dustinmorris/senior/trip/dustin/tripadvisor_experiences_dustin/client/components/heart.jsx": {"path":"/Users/dustinmorris/senior/trip/dustin/tripadvisor_experiences_dustin/client/components/heart.jsx","statementMap":{"0":{"start":{"line":3,"column":14},"end":{"line":16,"column":1}},"1":{"start":{"line":4,"column":2},"end":{"line":15,"column":8}}},"fnMap":{"0":{"name":"(anonymous_0)","decl":{"start":{"line":3,"column":14},"end":{"line":3,"column":15}},"loc":{"start":{"line":4,"column":2},"end":{"line":15,"column":8}},"line":4}},"branchMap":{},"s":{"0":1,"1":2},"f":{"0":2},"b":{},"_coverageSchema":"1a1c01bbd47fc00a2c39e90264f33305004495a9","hash":"50156fd0feb2067753b62245bfa197d77749c2f7"}
,"/Users/dustinmorris/senior/trip/dustin/tripadvisor_experiences_dustin/client/components/parent_module.jsx": {"path":"/Users/dustinmorris/senior/trip/dustin/tripadvisor_experiences_dustin/client/components/parent_module.jsx","statementMap":{"0":{"start":{"line":5,"column":15},"end":{"line":65,"column":1}},"1":{"start":{"line":8,"column":22},"end":{"line":8,"column":24}},"2":{"start":{"line":9,"column":17},"end":{"line":9,"column":19}},"3":{"start":{"line":10,"column":2},"end":{"line":64,"column":4}},"4":{"start":{"line":16,"column":14},"end":{"line":16,"column":33}},"5":{"start":{"line":17,"column":14},"end":{"line":19,"column":15}},"6":{"start":{"line":18,"column":16},"end":{"line":18,"column":23}},"7":{"start":{"line":20,"column":14},"end":{"line":32,"column":16}},"8":{"start":{"line":39,"column":18},"end":{"line":39,"column":32}},"9":{"start":{"line":40,"column":18},"end":{"line":42,"column":19}},"10":{"start":{"line":41,"column":20},"end":{"line":41,"column":27}},"11":{"start":{"line":43,"column":18},"end":{"line":55,"column":20}},"12":{"start":{"line":66,"column":0},"end":{"line":71,"column":2}}},"fnMap":{"0":{"name":"(anonymous_0)","decl":{"start":{"line":5,"column":15},"end":{"line":5,"column":16}},"loc":{"start":{"line":7,"column":6},"end":{"line":65,"column":1}},"line":7},"1":{"name":"(anonymous_1)","decl":{"start":{"line":15,"column":30},"end":{"line":15,"column":31}},"loc":{"start":{"line":15,"column":39},"end":{"line":33,"column":13}},"line":15},"2":{"name":"(anonymous_2)","decl":{"start":{"line":38,"column":34},"end":{"line":38,"column":35}},"loc":{"start":{"line":38,"column":43},"end":{"line":56,"column":17}},"line":38}},"branchMap":{"0":{"loc":{"start":{"line":17,"column":14},"end":{"line":19,"column":15}},"type":"if","locations":[{"start":{"line":17,"column":14},"end":{"line":19,"column":15}},{"start":{"line":17,"column":14},"end":{"line":19,"column":15}}],"line":17},"1":{"loc":{"start":{"line":40,"column":18},"end":{"line":42,"column":19}},"type":"if","locations":[{"start":{"line":40,"column":18},"end":{"line":42,"column":19}},{"start":{"line":40,"column":18},"end":{"line":42,"column":19}}],"line":40}},"s":{"0":1,"1":1,"2":1,"3":1,"4":2,"5":2,"6":0,"7":2,"8":2,"9":2,"10":2,"11":0,"12":1},"f":{"0":1,"1":2,"2":2},"b":{"0":[0,2],"1":[2,0]},"_coverageSchema":"1a1c01bbd47fc00a2c39e90264f33305004495a9","hash":"3c98fbdd0d6b3c528c9160c00a604101573a4be7"}
,"/Users/dustinmorris/senior/trip/dustin/tripadvisor_experiences_dustin/client/components/toolbar_module.jsx": {"path":"/Users/dustinmorris/senior/trip/dustin/tripadvisor_experiences_dustin/client/components/toolbar_module.jsx","statementMap":{"0":{"start":{"line":4,"column":16},"end":{"line":13,"column":1}},"1":{"start":{"line":5,"column":2},"end":{"line":12,"column":8}},"2":{"start":{"line":14,"column":0},"end":{"line":17,"column":2}}},"fnMap":{"0":{"name":"(anonymous_0)","decl":{"start":{"line":4,"column":16},"end":{"line":4,"column":17}},"loc":{"start":{"line":5,"column":2},"end":{"line":12,"column":8}},"line":5}},"branchMap":{},"s":{"0":1,"1":1,"2":1},"f":{"0":1},"b":{},"_coverageSchema":"1a1c01bbd47fc00a2c39e90264f33305004495a9","hash":"bf0e559f17040ca684312162bf1e18323735cf58"}
,"/Users/dustinmorris/senior/trip/dustin/tripadvisor_experiences_dustin/client/components/quickview/quickview_body.jsx": {"path":"/Users/dustinmorris/senior/trip/dustin/tripadvisor_experiences_dustin/client/components/quickview/quickview_body.jsx","statementMap":{"0":{"start":{"line":6,"column":22},"end":{"line":37,"column":1}},"1":{"start":{"line":9,"column":2},"end":{"line":36,"column":8}},"2":{"start":{"line":39,"column":0},"end":{"line":52,"column":2}}},"fnMap":{"0":{"name":"(anonymous_0)","decl":{"start":{"line":6,"column":22},"end":{"line":6,"column":23}},"loc":{"start":{"line":9,"column":2},"end":{"line":36,"column":8}},"line":9}},"branchMap":{},"s":{"0":1,"1":2,"2":1},"f":{"0":2},"b":{},"_coverageSchema":"1a1c01bbd47fc00a2c39e90264f33305004495a9","hash":"819b6bd0be6ccbceaa86f0ac419a736902e2abad"}
,"/Users/dustinmorris/senior/trip/dustin/tripadvisor_experiences_dustin/client/components/quickview/quickview_container.jsx": {"path":"/Users/dustinmorris/senior/trip/dustin/tripadvisor_experiences_dustin/client/components/quickview/quickview_container.jsx","statementMap":{"0":{"start":{"line":8,"column":27},"end":{"line":63,"column":1}},"1":{"start":{"line":24,"column":2},"end":{"line":62,"column":8}},"2":{"start":{"line":64,"column":0},"end":{"line":83,"column":2}}},"fnMap":{"0":{"name":"(anonymous_0)","decl":{"start":{"line":8,"column":27},"end":{"line":8,"column":28}},"loc":{"start":{"line":24,"column":2},"end":{"line":62,"column":8}},"line":24}},"branchMap":{},"s":{"0":1,"1":1,"2":1},"f":{"0":1},"b":{},"_coverageSchema":"1a1c01bbd47fc00a2c39e90264f33305004495a9","hash":"4faae7f6f5133851dd62c932ac3a2e0d2a5ebaa8"}
,"/Users/dustinmorris/senior/trip/dustin/tripadvisor_experiences_dustin/client/components/quickview/quickview_details.jsx": {"path":"/Users/dustinmorris/senior/trip/dustin/tripadvisor_experiences_dustin/client/components/quickview/quickview_details.jsx","statementMap":{"0":{"start":{"line":5,"column":25},"end":{"line":21,"column":1}},"1":{"start":{"line":6,"column":22},"end":{"line":6,"column":24}},"2":{"start":{"line":7,"column":2},"end":{"line":11,"column":5}},"3":{"start":{"line":8,"column":16},"end":{"line":8,"column":18}},"4":{"start":{"line":9,"column":4},"end":{"line":9,"column":24}},"5":{"start":{"line":10,"column":4},"end":{"line":10,"column":26}},"6":{"start":{"line":12,"column":2},"end":{"line":20,"column":4}},"7":{"start":{"line":16,"column":10},"end":{"line":16,"column":78}},"8":{"start":{"line":23,"column":0},"end":{"line":31,"column":2}},"9":{"start":{"line":33,"column":28},"end":{"line":75,"column":1}},"10":{"start":{"line":36,"column":2},"end":{"line":39,"column":3}},"11":{"start":{"line":37,"column":4},"end":{"line":37,"column":66}},"12":{"start":{"line":38,"column":4},"end":{"line":38,"column":20}},"13":{"start":{"line":40,"column":2},"end":{"line":49,"column":3}},"14":{"start":{"line":41,"column":4},"end":{"line":44,"column":5}},"15":{"start":{"line":42,"column":6},"end":{"line":42,"column":46}},"16":{"start":{"line":43,"column":6},"end":{"line":43,"column":31}},"17":{"start":{"line":45,"column":4},"end":{"line":48,"column":5}},"18":{"start":{"line":46,"column":6},"end":{"line":46,"column":41}},"19":{"start":{"line":47,"column":6},"end":{"line":47,"column":26}},"20":{"start":{"line":50,"column":2},"end":{"line":55,"column":3}},"21":{"start":{"line":51,"column":4},"end":{"line":54,"column":5}},"22":{"start":{"line":52,"column":6},"end":{"line":52,"column":39}},"23":{"start":{"line":53,"column":6},"end":{"line":53,"column":33}},"24":{"start":{"line":56,"column":2},"end":{"line":61,"column":3}},"25":{"start":{"line":57,"column":4},"end":{"line":60,"column":5}},"26":{"start":{"line":58,"column":6},"end":{"line":58,"column":62}},"27":{"start":{"line":59,"column":6},"end":{"line":59,"column":27}},"28":{"start":{"line":62,"column":2},"end":{"line":65,"column":3}},"29":{"start":{"line":63,"column":4},"end":{"line":63,"column":66}},"30":{"start":{"line":64,"column":4},"end":{"line":64,"column":16}},"31":{"start":{"line":67,"column":2},"end":{"line":74,"column":4}},"32":{"start":{"line":77,"column":0},"end":{"line":85,"column":2}}},"fnMap":{"0":{"name":"(anonymous_0)","decl":{"start":{"line":5,"column":25},"end":{"line":5,"column":26}},"loc":{"start":{"line":5,"column":42},"end":{"line":21,"column":1}},"line":5},"1":{"name":"(anonymous_1)","decl":{"start":{"line":7,"column":18},"end":{"line":7,"column":19}},"loc":{"start":{"line":7,"column":37},"end":{"line":11,"column":3}},"line":7},"2":{"name":"(anonymous_2)","decl":{"start":{"line":15,"column":28},"end":{"line":15,"column":29}},"loc":{"start":{"line":16,"column":10},"end":{"line":16,"column":78}},"line":16},"3":{"name":"(anonymous_3)","decl":{"start":{"line":33,"column":28},"end":{"line":33,"column":29}},"loc":{"start":{"line":33,"column":44},"end":{"line":75,"column":1}},"line":33}},"branchMap":{"0":{"loc":{"start":{"line":36,"column":2},"end":{"line":39,"column":3}},"type":"if","locations":[{"start":{"line":36,"column":2},"end":{"line":39,"column":3}},{"start":{"line":36,"column":2},"end":{"line":39,"column":3}}],"line":36},"1":{"loc":{"start":{"line":40,"column":2},"end":{"line":49,"column":3}},"type":"if","locations":[{"start":{"line":40,"column":2},"end":{"line":49,"column":3}},{"start":{"line":40,"column":2},"end":{"line":49,"column":3}}],"line":40},"2":{"loc":{"start":{"line":41,"column":4},"end":{"line":44,"column":5}},"type":"if","locations":[{"start":{"line":41,"column":4},"end":{"line":44,"column":5}},{"start":{"line":41,"column":4},"end":{"line":44,"column":5}}],"line":41},"3":{"loc":{"start":{"line":45,"column":4},"end":{"line":48,"column":5}},"type":"if","locations":[{"start":{"line":45,"column":4},"end":{"line":48,"column":5}},{"start":{"line":45,"column":4},"end":{"line":48,"column":5}}],"line":45},"4":{"loc":{"start":{"line":50,"column":2},"end":{"line":55,"column":3}},"type":"if","locations":[{"start":{"line":50,"column":2},"end":{"line":55,"column":3}},{"start":{"line":50,"column":2},"end":{"line":55,"column":3}}],"line":50},"5":{"loc":{"start":{"line":51,"column":4},"end":{"line":54,"column":5}},"type":"if","locations":[{"start":{"line":51,"column":4},"end":{"line":54,"column":5}},{"start":{"line":51,"column":4},"end":{"line":54,"column":5}}],"line":51},"6":{"loc":{"start":{"line":56,"column":2},"end":{"line":61,"column":3}},"type":"if","locations":[{"start":{"line":56,"column":2},"end":{"line":61,"column":3}},{"start":{"line":56,"column":2},"end":{"line":61,"column":3}}],"line":56},"7":{"loc":{"start":{"line":57,"column":4},"end":{"line":60,"column":5}},"type":"if","locations":[{"start":{"line":57,"column":4},"end":{"line":60,"column":5}},{"start":{"line":57,"column":4},"end":{"line":60,"column":5}}],"line":57},"8":{"loc":{"start":{"line":62,"column":2},"end":{"line":65,"column":3}},"type":"if","locations":[{"start":{"line":62,"column":2},"end":{"line":65,"column":3}},{"start":{"line":62,"column":2},"end":{"line":65,"column":3}}],"line":62}},"s":{"0":1,"1":2,"2":2,"3":10,"4":10,"5":10,"6":2,"7":10,"8":1,"9":1,"10":10,"11":2,"12":2,"13":10,"14":2,"15":0,"16":0,"17":2,"18":2,"19":2,"20":10,"21":2,"22":0,"23":0,"24":10,"25":2,"26":2,"27":2,"28":10,"29":2,"30":2,"31":10,"32":1},"f":{"0":2,"1":10,"2":10,"3":10},"b":{"0":[2,8],"1":[2,8],"2":[0,2],"3":[2,0],"4":[2,8],"5":[0,2],"6":[2,8],"7":[2,0],"8":[2,8]},"_coverageSchema":"1a1c01bbd47fc00a2c39e90264f33305004495a9","hash":"547f623f30766afd11a31d2c2e9b79e5e71ced10"}
,"/Users/dustinmorris/senior/trip/dustin/tripadvisor_experiences_dustin/client/components/quickview/quickview_header.jsx": {"path":"/Users/dustinmorris/senior/trip/dustin/tripadvisor_experiences_dustin/client/components/quickview/quickview_header.jsx","statementMap":{"0":{"start":{"line":4,"column":24},"end":{"line":13,"column":1}},"1":{"start":{"line":5,"column":2},"end":{"line":12,"column":8}},"2":{"start":{"line":15,"column":0},"end":{"line":18,"column":2}}},"fnMap":{"0":{"name":"(anonymous_0)","decl":{"start":{"line":4,"column":24},"end":{"line":4,"column":25}},"loc":{"start":{"line":5,"column":2},"end":{"line":12,"column":8}},"line":5}},"branchMap":{},"s":{"0":1,"1":2,"2":1},"f":{"0":2},"b":{},"_coverageSchema":"1a1c01bbd47fc00a2c39e90264f33305004495a9","hash":"e88fe321b53ea485bd0693829d4244aa43fd18ea"}
,"/Users/dustinmorris/senior/trip/dustin/tripadvisor_experiences_dustin/client/components/quickview/quickview_map.jsx": {"path":"/Users/dustinmorris/senior/trip/dustin/tripadvisor_experiences_dustin/client/components/quickview/quickview_map.jsx","statementMap":{"0":{"start":{"line":4,"column":12},"end":{"line":12,"column":1}},"1":{"start":{"line":5,"column":32},"end":{"line":5,"column":67}},"2":{"start":{"line":6,"column":14},"end":{"line":6,"column":240}},"3":{"start":{"line":7,"column":2},"end":{"line":11,"column":4}},"4":{"start":{"line":16,"column":0},"end":{"line":18,"column":2}}},"fnMap":{"0":{"name":"(anonymous_0)","decl":{"start":{"line":4,"column":12},"end":{"line":4,"column":13}},"loc":{"start":{"line":4,"column":31},"end":{"line":12,"column":1}},"line":4}},"branchMap":{},"s":{"0":1,"1":2,"2":2,"3":2,"4":1},"f":{"0":2},"b":{},"_coverageSchema":"1a1c01bbd47fc00a2c39e90264f33305004495a9","hash":"11dbb29c41c8915787f09dab3795c49473bbf22e"}
,"/Users/dustinmorris/senior/trip/dustin/tripadvisor_experiences_dustin/client/components/quickview/quickview_module.jsx": {"path":"/Users/dustinmorris/senior/trip/dustin/tripadvisor_experiences_dustin/client/components/quickview/quickview_module.jsx","statementMap":{"0":{"start":{"line":8,"column":4},"end":{"line":8,"column":17}},"1":{"start":{"line":9,"column":4},"end":{"line":14,"column":6}},"2":{"start":{"line":20,"column":8},"end":{"line":20,"column":18}},"3":{"start":{"line":21,"column":4},"end":{"line":23,"column":5}},"4":{"start":{"line":22,"column":6},"end":{"line":22,"column":18}},"5":{"start":{"line":24,"column":4},"end":{"line":42,"column":6}},"6":{"start":{"line":46,"column":0},"end":{"line":51,"column":2}},"7":{"start":{"line":53,"column":0},"end":{"line":91,"column":2}}},"fnMap":{"0":{"name":"(anonymous_0)","decl":{"start":{"line":7,"column":2},"end":{"line":7,"column":3}},"loc":{"start":{"line":7,"column":21},"end":{"line":15,"column":3}},"line":7},"1":{"name":"(anonymous_1)","decl":{"start":{"line":17,"column":2},"end":{"line":17,"column":3}},"loc":{"start":{"line":17,"column":11},"end":{"line":43,"column":3}},"line":17}},"branchMap":{"0":{"loc":{"start":{"line":21,"column":4},"end":{"line":23,"column":5}},"type":"if","locations":[{"start":{"line":21,"column":4},"end":{"line":23,"column":5}},{"start":{"line":21,"column":4},"end":{"line":23,"column":5}}],"line":21},"1":{"loc":{"start":{"line":21,"column":8},"end":{"line":21,"column":67}},"type":"binary-expr","locations":[{"start":{"line":21,"column":8},"end":{"line":21,"column":29}},{"start":{"line":21,"column":33},"end":{"line":21,"column":67}}],"line":21}},"s":{"0":1,"1":1,"2":1,"3":1,"4":0,"5":1,"6":1,"7":1},"f":{"0":1,"1":1},"b":{"0":[0,1],"1":[1,1]},"_coverageSchema":"1a1c01bbd47fc00a2c39e90264f33305004495a9","hash":"697afc434666df68deeefcb05f303f181b624918"}
,"/Users/dustinmorris/senior/trip/dustin/tripadvisor_experiences_dustin/client/components/quickview/quickview_price.jsx": {"path":"/Users/dustinmorris/senior/trip/dustin/tripadvisor_experiences_dustin/client/components/quickview/quickview_price.jsx","statementMap":{"0":{"start":{"line":4,"column":23},"end":{"line":22,"column":1}},"1":{"start":{"line":5,"column":2},"end":{"line":21,"column":8}},"2":{"start":{"line":24,"column":0},"end":{"line":26,"column":2}}},"fnMap":{"0":{"name":"(anonymous_0)","decl":{"start":{"line":4,"column":23},"end":{"line":4,"column":24}},"loc":{"start":{"line":5,"column":2},"end":{"line":21,"column":8}},"line":5}},"branchMap":{},"s":{"0":1,"1":2,"2":1},"f":{"0":2},"b":{},"_coverageSchema":"1a1c01bbd47fc00a2c39e90264f33305004495a9","hash":"9aa75c8c39eb4b36e1562fb2c1ff0e47fa2646c9"}
,"/Users/dustinmorris/senior/trip/dustin/tripadvisor_experiences_dustin/client/components/quickview/quickview_rating.jsx": {"path":"/Users/dustinmorris/senior/trip/dustin/tripadvisor_experiences_dustin/client/components/quickview/quickview_rating.jsx","statementMap":{"0":{"start":{"line":5,"column":24},"end":{"line":21,"column":1}},"1":{"start":{"line":6,"column":2},"end":{"line":20,"column":8}},"2":{"start":{"line":23,"column":0},"end":{"line":27,"column":2}}},"fnMap":{"0":{"name":"(anonymous_0)","decl":{"start":{"line":5,"column":24},"end":{"line":5,"column":25}},"loc":{"start":{"line":6,"column":2},"end":{"line":20,"column":8}},"line":6}},"branchMap":{},"s":{"0":1,"1":1,"2":1},"f":{"0":1},"b":{},"_coverageSchema":"1a1c01bbd47fc00a2c39e90264f33305004495a9","hash":"5f2a834aea069afaffd73f2585805f752345454a"}
,"/Users/dustinmorris/senior/trip/dustin/tripadvisor_experiences_dustin/server/index.js": {"path":"/Users/dustinmorris/senior/trip/dustin/tripadvisor_experiences_dustin/server/index.js","statementMap":{"0":{"start":{"line":1,"column":16},"end":{"line":1,"column":34}},"1":{"start":{"line":2,"column":15},"end":{"line":2,"column":32}},"2":{"start":{"line":3,"column":16},"end":{"line":3,"column":35}},"3":{"start":{"line":4,"column":17},"end":{"line":4,"column":36}},"4":{"start":{"line":5,"column":13},"end":{"line":5,"column":28}},"5":{"start":{"line":6,"column":0},"end":{"line":6,"column":39}},"6":{"start":{"line":7,"column":29},"end":{"line":7,"column":68}},"7":{"start":{"line":8,"column":28},"end":{"line":8,"column":67}},"8":{"start":{"line":9,"column":15},"end":{"line":9,"column":46}},"9":{"start":{"line":12,"column":12},"end":{"line":12,"column":21}},"10":{"start":{"line":13,"column":13},"end":{"line":13,"column":17}},"11":{"start":{"line":15,"column":0},"end":{"line":15,"column":23}},"12":{"start":{"line":16,"column":0},"end":{"line":16,"column":16}},"13":{"start":{"line":17,"column":0},"end":{"line":17,"column":54}},"14":{"start":{"line":18,"column":0},"end":{"line":18,"column":61}},"15":{"start":{"line":20,"column":24},"end":{"line":26,"column":1}},"16":{"start":{"line":21,"column":2},"end":{"line":25,"column":4}},"17":{"start":{"line":22,"column":4},"end":{"line":24,"column":24}},"18":{"start":{"line":23,"column":28},"end":{"line":23,"column":41}},"19":{"start":{"line":24,"column":20},"end":{"line":24,"column":22}},"20":{"start":{"line":28,"column":0},"end":{"line":40,"column":3}},"21":{"start":{"line":29,"column":17},"end":{"line":29,"column":27}},"22":{"start":{"line":30,"column":16},"end":{"line":30,"column":26}},"23":{"start":{"line":31,"column":2},"end":{"line":33,"column":3}},"24":{"start":{"line":32,"column":4},"end":{"line":32,"column":74}},"25":{"start":{"line":34,"column":2},"end":{"line":39,"column":51}},"26":{"start":{"line":35,"column":28},"end":{"line":35,"column":56}},"27":{"start":{"line":37,"column":6},"end":{"line":37,"column":34}},"28":{"start":{"line":39,"column":22},"end":{"line":39,"column":49}},"29":{"start":{"line":42,"column":0},"end":{"line":44,"column":3}},"30":{"start":{"line":43,"column":2},"end":{"line":43,"column":50}}},"fnMap":{"0":{"name":"(anonymous_0)","decl":{"start":{"line":20,"column":24},"end":{"line":20,"column":25}},"loc":{"start":{"line":21,"column":2},"end":{"line":25,"column":4}},"line":21},"1":{"name":"(anonymous_1)","decl":{"start":{"line":21,"column":42},"end":{"line":21,"column":43}},"loc":{"start":{"line":22,"column":4},"end":{"line":24,"column":24}},"line":22},"2":{"name":"(anonymous_2)","decl":{"start":{"line":23,"column":12},"end":{"line":23,"column":13}},"loc":{"start":{"line":23,"column":28},"end":{"line":23,"column":41}},"line":23},"3":{"name":"(anonymous_3)","decl":{"start":{"line":24,"column":13},"end":{"line":24,"column":14}},"loc":{"start":{"line":24,"column":20},"end":{"line":24,"column":22}},"line":24},"4":{"name":"(anonymous_4)","decl":{"start":{"line":28,"column":25},"end":{"line":28,"column":26}},"loc":{"start":{"line":28,"column":39},"end":{"line":40,"column":1}},"line":28},"5":{"name":"(anonymous_5)","decl":{"start":{"line":35,"column":10},"end":{"line":35,"column":11}},"loc":{"start":{"line":35,"column":28},"end":{"line":35,"column":56}},"line":35},"6":{"name":"(anonymous_6)","decl":{"start":{"line":36,"column":10},"end":{"line":36,"column":11}},"loc":{"start":{"line":36,"column":21},"end":{"line":38,"column":5}},"line":36},"7":{"name":"(anonymous_7)","decl":{"start":{"line":39,"column":11},"end":{"line":39,"column":12}},"loc":{"start":{"line":39,"column":22},"end":{"line":39,"column":49}},"line":39},"8":{"name":"(anonymous_8)","decl":{"start":{"line":42,"column":17},"end":{"line":42,"column":18}},"loc":{"start":{"line":42,"column":23},"end":{"line":44,"column":1}},"line":42}},"branchMap":{"0":{"loc":{"start":{"line":31,"column":2},"end":{"line":33,"column":3}},"type":"if","locations":[{"start":{"line":31,"column":2},"end":{"line":33,"column":3}},{"start":{"line":31,"column":2},"end":{"line":33,"column":3}}],"line":31},"1":{"loc":{"start":{"line":31,"column":6},"end":{"line":31,"column":30}},"type":"binary-expr","locations":[{"start":{"line":31,"column":6},"end":{"line":31,"column":15}},{"start":{"line":31,"column":19},"end":{"line":31,"column":30}}],"line":31}},"s":{"0":0,"1":0,"2":0,"3":0,"4":0,"5":0,"6":0,"7":0,"8":0,"9":0,"10":0,"11":0,"12":0,"13":0,"14":0,"15":0,"16":0,"17":0,"18":0,"19":0,"20":0,"21":0,"22":0,"23":0,"24":0,"25":0,"26":0,"27":0,"28":0,"29":0,"30":0},"f":{"0":0,"1":0,"2":0,"3":0,"4":0,"5":0,"6":0,"7":0,"8":0},"b":{"0":[0,0],"1":[0,0]}}
}
