{"/Users/dustinmorris/junior/trip/config.js": {"path":"/Users/dustinmorris/junior/trip/config.js","statementMap":{"0":{"start":{"line":1,"column":0},"end":{"line":1,"column":34}},"1":{"start":{"line":2,"column":0},"end":{"line":2,"column":44}},"2":{"start":{"line":3,"column":0},"end":{"line":3,"column":70}}},"fnMap":{},"branchMap":{},"s":{"0":0,"1":0,"2":0},"f":{},"b":{}}
,"/Users/dustinmorris/junior/trip/s3client.js": {"path":"/Users/dustinmorris/junior/trip/s3client.js","statementMap":{"0":{"start":{"line":1,"column":11},"end":{"line":1,"column":24}},"1":{"start":{"line":2,"column":33},"end":{"line":2,"column":55}},"2":{"start":{"line":4,"column":0},"end":{"line":17,"column":3}}},"fnMap":{},"branchMap":{},"s":{"0":0,"1":0,"2":0},"f":{},"b":{}}
,"/Users/dustinmorris/junior/trip/webpack.config.js": {"path":"/Users/dustinmorris/junior/trip/webpack.config.js","statementMap":{"0":{"start":{"line":1,"column":13},"end":{"line":1,"column":28}},"1":{"start":{"line":3,"column":0},"end":{"line":43,"column":2}}},"fnMap":{},"branchMap":{},"s":{"0":0,"1":0},"f":{},"b":{}}
,"/Users/dustinmorris/junior/trip/client/index.jsx": {"path":"/Users/dustinmorris/junior/trip/client/index.jsx","statementMap":{"0":{"start":{"line":14,"column":0},"end":{"line":14,"column":58}}},"fnMap":{},"branchMap":{},"s":{"0":0},"f":{},"b":{}}
,"/Users/dustinmorris/junior/trip/client/components/app.jsx": {"path":"/Users/dustinmorris/junior/trip/client/components/app.jsx","statementMap":{"0":{"start":{"line":8,"column":4},"end":{"line":8,"column":17}},"1":{"start":{"line":9,"column":4},"end":{"line":12,"column":6}},"2":{"start":{"line":15,"column":4},"end":{"line":21,"column":42}},"3":{"start":{"line":17,"column":6},"end":{"line":19,"column":9}},"4":{"start":{"line":21,"column":22},"end":{"line":21,"column":40}},"5":{"start":{"line":25,"column":3},"end":{"line":30,"column":4}}},"fnMap":{"0":{"name":"(anonymous_0)","decl":{"start":{"line":7,"column":2},"end":{"line":7,"column":3}},"loc":{"start":{"line":7,"column":21},"end":{"line":13,"column":3}},"line":7},"1":{"name":"(anonymous_1)","decl":{"start":{"line":14,"column":2},"end":{"line":14,"column":3}},"loc":{"start":{"line":14,"column":23},"end":{"line":22,"column":3}},"line":14},"2":{"name":"(anonymous_2)","decl":{"start":{"line":16,"column":10},"end":{"line":16,"column":11}},"loc":{"start":{"line":16,"column":19},"end":{"line":20,"column":5}},"line":16},"3":{"name":"(anonymous_3)","decl":{"start":{"line":21,"column":11},"end":{"line":21,"column":12}},"loc":{"start":{"line":21,"column":22},"end":{"line":21,"column":40}},"line":21},"4":{"name":"(anonymous_4)","decl":{"start":{"line":24,"column":2},"end":{"line":24,"column":3}},"loc":{"start":{"line":24,"column":11},"end":{"line":31,"column":3}},"line":24}},"branchMap":{},"s":{"0":0,"1":0,"2":0,"3":0,"4":0,"5":0},"f":{"0":0,"1":0,"2":0,"3":0,"4":0},"b":{},"_coverageSchema":"1a1c01bbd47fc00a2c39e90264f33305004495a9","hash":"f701707ffe1b6603f24a3fe27be551d473689107"}
,"/Users/dustinmorris/junior/trip/client/components/experience_module.jsx": {"path":"/Users/dustinmorris/junior/trip/client/components/experience_module.jsx","statementMap":{"0":{"start":{"line":3,"column":19},"end":{"line":38,"column":1}},"1":{"start":{"line":4,"column":2},"end":{"line":37,"column":8}}},"fnMap":{"0":{"name":"(anonymous_0)","decl":{"start":{"line":3,"column":19},"end":{"line":3,"column":20}},"loc":{"start":{"line":4,"column":2},"end":{"line":37,"column":8}},"line":4}},"branchMap":{},"s":{"0":1,"1":1},"f":{"0":1},"b":{},"_coverageSchema":"1a1c01bbd47fc00a2c39e90264f33305004495a9","hash":"135edd8e190ea95ff40d5da0cac7210b0a07737f"}
,"/Users/dustinmorris/junior/trip/client/components/parent_module.jsx": {"path":"/Users/dustinmorris/junior/trip/client/components/parent_module.jsx","statementMap":{"0":{"start":{"line":4,"column":15},"end":{"line":21,"column":1}},"1":{"start":{"line":5,"column":2},"end":{"line":20,"column":8}},"2":{"start":{"line":10,"column":12},"end":{"line":16,"column":14}}},"fnMap":{"0":{"name":"(anonymous_0)","decl":{"start":{"line":4,"column":15},"end":{"line":4,"column":16}},"loc":{"start":{"line":5,"column":2},"end":{"line":20,"column":8}},"line":5},"1":{"name":"(anonymous_1)","decl":{"start":{"line":9,"column":28},"end":{"line":9,"column":29}},"loc":{"start":{"line":10,"column":12},"end":{"line":16,"column":14}},"line":10}},"branchMap":{},"s":{"0":1,"1":0,"2":0},"f":{"0":0,"1":0},"b":{},"_coverageSchema":"1a1c01bbd47fc00a2c39e90264f33305004495a9","hash":"d975190ab24cab84775f467438898127b1f04ba8"}
,"/Users/dustinmorris/junior/trip/client/components/toolbar_module.jsx": {"path":"/Users/dustinmorris/junior/trip/client/components/toolbar_module.jsx","statementMap":{"0":{"start":{"line":3,"column":16},"end":{"line":12,"column":1}},"1":{"start":{"line":4,"column":2},"end":{"line":11,"column":8}}},"fnMap":{"0":{"name":"(anonymous_0)","decl":{"start":{"line":3,"column":16},"end":{"line":3,"column":17}},"loc":{"start":{"line":4,"column":2},"end":{"line":11,"column":8}},"line":4}},"branchMap":{},"s":{"0":1,"1":1},"f":{"0":1},"b":{},"_coverageSchema":"1a1c01bbd47fc00a2c39e90264f33305004495a9","hash":"973266fddc468d6585406fd90995afd846d83290"}
,"/Users/dustinmorris/junior/trip/database/destinationDB.js": {"path":"/Users/dustinmorris/junior/trip/database/destinationDB.js","statementMap":{"0":{"start":{"line":1,"column":17},"end":{"line":1,"column":36}},"1":{"start":{"line":3,"column":26},"end":{"line":6,"column":2}},"2":{"start":{"line":8,"column":0},"end":{"line":8,"column":84}}},"fnMap":{},"branchMap":{},"s":{"0":0,"1":0,"2":0},"f":{},"b":{}}
,"/Users/dustinmorris/junior/trip/database/dynamicseed.js": {"path":"/Users/dustinmorris/junior/trip/database/dynamicseed.js","statementMap":{"0":{"start":{"line":1,"column":15},"end":{"line":1,"column":48}},"1":{"start":{"line":2,"column":28},"end":{"line":2,"column":57}},"2":{"start":{"line":3,"column":29},"end":{"line":3,"column":58}},"3":{"start":{"line":4,"column":15},"end":{"line":4,"column":36}},"4":{"start":{"line":6,"column":21},"end":{"line":15,"column":2}},"5":{"start":{"line":17,"column":24},"end":{"line":26,"column":2}},"6":{"start":{"line":28,"column":32},"end":{"line":65,"column":1}},"7":{"start":{"line":29,"column":15},"end":{"line":29,"column":54}},"8":{"start":{"line":30,"column":16},"end":{"line":30,"column":59}},"9":{"start":{"line":31,"column":18},"end":{"line":31,"column":67}},"10":{"start":{"line":32,"column":18},"end":{"line":37,"column":3}},"11":{"start":{"line":33,"column":4},"end":{"line":35,"column":5}},"12":{"start":{"line":34,"column":6},"end":{"line":34,"column":18}},"13":{"start":{"line":36,"column":4},"end":{"line":36,"column":17}},"14":{"start":{"line":39,"column":16},"end":{"line":63,"column":3}},"15":{"start":{"line":64,"column":2},"end":{"line":64,"column":15}},"16":{"start":{"line":66,"column":31},"end":{"line":69,"column":1}},"17":{"start":{"line":67,"column":2},"end":{"line":68,"column":53}},"18":{"start":{"line":68,"column":22},"end":{"line":68,"column":51}},"19":{"start":{"line":71,"column":26},"end":{"line":74,"column":1}},"20":{"start":{"line":72,"column":2},"end":{"line":73,"column":40}},"21":{"start":{"line":73,"column":17},"end":{"line":73,"column":38}},"22":{"start":{"line":76,"column":13},"end":{"line":81,"column":1}},"23":{"start":{"line":77,"column":2},"end":{"line":80,"column":3}},"24":{"start":{"line":77,"column":15},"end":{"line":77,"column":16}},"25":{"start":{"line":78,"column":18},"end":{"line":78,"column":30}},"26":{"start":{"line":79,"column":4},"end":{"line":79,"column":18}},"27":{"start":{"line":83,"column":0},"end":{"line":83,"column":59}},"28":{"start":{"line":84,"column":0},"end":{"line":95,"column":3}},"29":{"start":{"line":85,"column":22},"end":{"line":85,"column":24}},"30":{"start":{"line":87,"column":2},"end":{"line":90,"column":3}},"31":{"start":{"line":87,"column":15},"end":{"line":87,"column":16}},"32":{"start":{"line":88,"column":4},"end":{"line":88,"column":61}},"33":{"start":{"line":89,"column":4},"end":{"line":89,"column":35}},"34":{"start":{"line":91,"column":2},"end":{"line":94,"column":4}}},"fnMap":{"0":{"name":"(anonymous_0)","decl":{"start":{"line":28,"column":32},"end":{"line":28,"column":33}},"loc":{"start":{"line":28,"column":49},"end":{"line":65,"column":1}},"line":28},"1":{"name":"(anonymous_1)","decl":{"start":{"line":32,"column":18},"end":{"line":32,"column":19}},"loc":{"start":{"line":32,"column":24},"end":{"line":37,"column":3}},"line":32},"2":{"name":"(anonymous_2)","decl":{"start":{"line":66,"column":31},"end":{"line":66,"column":32}},"loc":{"start":{"line":66,"column":48},"end":{"line":69,"column":1}},"line":66},"3":{"name":"(anonymous_3)","decl":{"start":{"line":68,"column":11},"end":{"line":68,"column":12}},"loc":{"start":{"line":68,"column":22},"end":{"line":68,"column":51}},"line":68},"4":{"name":"(anonymous_4)","decl":{"start":{"line":71,"column":26},"end":{"line":71,"column":27}},"loc":{"start":{"line":71,"column":43},"end":{"line":74,"column":1}},"line":71},"5":{"name":"(anonymous_5)","decl":{"start":{"line":73,"column":11},"end":{"line":73,"column":12}},"loc":{"start":{"line":73,"column":17},"end":{"line":73,"column":38}},"line":73},"6":{"name":"(anonymous_6)","decl":{"start":{"line":76,"column":13},"end":{"line":76,"column":14}},"loc":{"start":{"line":76,"column":41},"end":{"line":81,"column":1}},"line":76},"7":{"name":"(anonymous_7)","decl":{"start":{"line":84,"column":29},"end":{"line":84,"column":30}},"loc":{"start":{"line":84,"column":40},"end":{"line":95,"column":1}},"line":84}},"branchMap":{"0":{"loc":{"start":{"line":33,"column":4},"end":{"line":35,"column":5}},"type":"if","locations":[{"start":{"line":33,"column":4},"end":{"line":35,"column":5}},{"start":{"line":33,"column":4},"end":{"line":35,"column":5}}],"line":33}},"s":{"0":0,"1":0,"2":0,"3":0,"4":0,"5":0,"6":0,"7":0,"8":0,"9":0,"10":0,"11":0,"12":0,"13":0,"14":0,"15":0,"16":0,"17":0,"18":0,"19":0,"20":0,"21":0,"22":0,"23":0,"24":0,"25":0,"26":0,"27":0,"28":0,"29":0,"30":0,"31":0,"32":0,"33":0,"34":0},"f":{"0":0,"1":0,"2":0,"3":0,"4":0,"5":0,"6":0,"7":0},"b":{"0":[0,0]}}
,"/Users/dustinmorris/junior/trip/database/experiencesDB.js": {"path":"/Users/dustinmorris/junior/trip/database/experiencesDB.js","statementMap":{"0":{"start":{"line":1,"column":17},"end":{"line":1,"column":36}},"1":{"start":{"line":2,"column":28},"end":{"line":2,"column":55}},"2":{"start":{"line":4,"column":26},"end":{"line":19,"column":2}},"3":{"start":{"line":21,"column":0},"end":{"line":21,"column":82}}},"fnMap":{},"branchMap":{},"s":{"0":0,"1":0,"2":0,"3":0},"f":{},"b":{}}
,"/Users/dustinmorris/junior/trip/database/index.js": {"path":"/Users/dustinmorris/junior/trip/database/index.js","statementMap":{"0":{"start":{"line":1,"column":17},"end":{"line":1,"column":36}},"1":{"start":{"line":2,"column":0},"end":{"line":2,"column":39}},"2":{"start":{"line":4,"column":17},"end":{"line":4,"column":50}},"3":{"start":{"line":5,"column":11},"end":{"line":8,"column":2}},"4":{"start":{"line":9,"column":12},"end":{"line":9,"column":31}},"5":{"start":{"line":10,"column":0},"end":{"line":10,"column":67}},"6":{"start":{"line":11,"column":0},"end":{"line":11,"column":49}},"7":{"start":{"line":11,"column":23},"end":{"line":11,"column":47}},"8":{"start":{"line":13,"column":0},"end":{"line":13,"column":23}}},"fnMap":{"0":{"name":"(anonymous_0)","decl":{"start":{"line":11,"column":17},"end":{"line":11,"column":18}},"loc":{"start":{"line":11,"column":23},"end":{"line":11,"column":47}},"line":11}},"branchMap":{},"s":{"0":0,"1":0,"2":0,"3":0,"4":0,"5":0,"6":0,"7":0,"8":0},"f":{"0":0},"b":{}}
,"/Users/dustinmorris/junior/trip/database/quickviewDB.js": {"path":"/Users/dustinmorris/junior/trip/database/quickviewDB.js","statementMap":{"0":{"start":{"line":1,"column":17},"end":{"line":1,"column":36}},"1":{"start":{"line":3,"column":0},"end":{"line":18,"column":3}}},"fnMap":{},"branchMap":{},"s":{"0":0,"1":0},"f":{},"b":{}}
,"/Users/dustinmorris/junior/trip/server/index.js": {"path":"/Users/dustinmorris/junior/trip/server/index.js","statementMap":{"0":{"start":{"line":1,"column":16},"end":{"line":1,"column":34}},"1":{"start":{"line":2,"column":15},"end":{"line":2,"column":32}},"2":{"start":{"line":3,"column":16},"end":{"line":3,"column":35}},"3":{"start":{"line":4,"column":17},"end":{"line":4,"column":36}},"4":{"start":{"line":5,"column":0},"end":{"line":5,"column":39}},"5":{"start":{"line":6,"column":29},"end":{"line":6,"column":68}},"6":{"start":{"line":7,"column":28},"end":{"line":7,"column":67}},"7":{"start":{"line":8,"column":15},"end":{"line":8,"column":46}},"8":{"start":{"line":12,"column":12},"end":{"line":12,"column":21}},"9":{"start":{"line":13,"column":13},"end":{"line":13,"column":17}},"10":{"start":{"line":15,"column":0},"end":{"line":15,"column":23}},"11":{"start":{"line":16,"column":0},"end":{"line":16,"column":71}},"12":{"start":{"line":18,"column":24},"end":{"line":24,"column":1}},"13":{"start":{"line":19,"column":2},"end":{"line":23,"column":4}},"14":{"start":{"line":20,"column":4},"end":{"line":22,"column":24}},"15":{"start":{"line":21,"column":28},"end":{"line":21,"column":41}},"16":{"start":{"line":22,"column":20},"end":{"line":22,"column":22}},"17":{"start":{"line":26,"column":0},"end":{"line":38,"column":3}},"18":{"start":{"line":27,"column":17},"end":{"line":27,"column":27}},"19":{"start":{"line":28,"column":16},"end":{"line":28,"column":26}},"20":{"start":{"line":29,"column":2},"end":{"line":31,"column":3}},"21":{"start":{"line":30,"column":4},"end":{"line":30,"column":74}},"22":{"start":{"line":32,"column":2},"end":{"line":37,"column":51}},"23":{"start":{"line":33,"column":28},"end":{"line":33,"column":56}},"24":{"start":{"line":35,"column":6},"end":{"line":35,"column":34}},"25":{"start":{"line":37,"column":22},"end":{"line":37,"column":49}},"26":{"start":{"line":40,"column":0},"end":{"line":42,"column":3}},"27":{"start":{"line":41,"column":2},"end":{"line":41,"column":50}}},"fnMap":{"0":{"name":"(anonymous_0)","decl":{"start":{"line":18,"column":24},"end":{"line":18,"column":25}},"loc":{"start":{"line":19,"column":2},"end":{"line":23,"column":4}},"line":19},"1":{"name":"(anonymous_1)","decl":{"start":{"line":19,"column":42},"end":{"line":19,"column":43}},"loc":{"start":{"line":20,"column":4},"end":{"line":22,"column":24}},"line":20},"2":{"name":"(anonymous_2)","decl":{"start":{"line":21,"column":12},"end":{"line":21,"column":13}},"loc":{"start":{"line":21,"column":28},"end":{"line":21,"column":41}},"line":21},"3":{"name":"(anonymous_3)","decl":{"start":{"line":22,"column":13},"end":{"line":22,"column":14}},"loc":{"start":{"line":22,"column":20},"end":{"line":22,"column":22}},"line":22},"4":{"name":"(anonymous_4)","decl":{"start":{"line":26,"column":16},"end":{"line":26,"column":17}},"loc":{"start":{"line":26,"column":30},"end":{"line":38,"column":1}},"line":26},"5":{"name":"(anonymous_5)","decl":{"start":{"line":33,"column":10},"end":{"line":33,"column":11}},"loc":{"start":{"line":33,"column":28},"end":{"line":33,"column":56}},"line":33},"6":{"name":"(anonymous_6)","decl":{"start":{"line":34,"column":10},"end":{"line":34,"column":11}},"loc":{"start":{"line":34,"column":21},"end":{"line":36,"column":5}},"line":34},"7":{"name":"(anonymous_7)","decl":{"start":{"line":37,"column":11},"end":{"line":37,"column":12}},"loc":{"start":{"line":37,"column":22},"end":{"line":37,"column":49}},"line":37},"8":{"name":"(anonymous_8)","decl":{"start":{"line":40,"column":17},"end":{"line":40,"column":18}},"loc":{"start":{"line":40,"column":23},"end":{"line":42,"column":1}},"line":40}},"branchMap":{"0":{"loc":{"start":{"line":29,"column":2},"end":{"line":31,"column":3}},"type":"if","locations":[{"start":{"line":29,"column":2},"end":{"line":31,"column":3}},{"start":{"line":29,"column":2},"end":{"line":31,"column":3}}],"line":29},"1":{"loc":{"start":{"line":29,"column":6},"end":{"line":29,"column":30}},"type":"binary-expr","locations":[{"start":{"line":29,"column":6},"end":{"line":29,"column":15}},{"start":{"line":29,"column":19},"end":{"line":29,"column":30}}],"line":29}},"s":{"0":0,"1":0,"2":0,"3":0,"4":0,"5":0,"6":0,"7":0,"8":0,"9":0,"10":0,"11":0,"12":0,"13":0,"14":0,"15":0,"16":0,"17":0,"18":0,"19":0,"20":0,"21":0,"22":0,"23":0,"24":0,"25":0,"26":0,"27":0},"f":{"0":0,"1":0,"2":0,"3":0,"4":0,"5":0,"6":0,"7":0,"8":0},"b":{"0":[0,0],"1":[0,0]}}
}
